X_groups_train.shape=[(784, 13)],y_train.shape=(784,),X_groups_test.shape=no_test,y_test.shape=no_test
group_dims=[13]
group_starts=[0]
group_ends=[13]
X_train.shape=(784, 13),X_test.shape=(0, 13)
[layer=0] look_indexs=[0], X_cur_train.shape=(784, 13), X_cur_test.shape=(0, 13)
Accuracy(layer_0 - estimator_0 - 5_folds.train_0.predict)=94.30%
Accuracy(layer_0 - estimator_0 - 5_folds.train_1.predict)=96.20%
Accuracy(layer_0 - estimator_0 - 5_folds.train_2.predict)=96.15%
Accuracy(layer_0 - estimator_0 - 5_folds.train_3.predict)=96.15%
Accuracy(layer_0 - estimator_0 - 5_folds.train_4.predict)=96.15%
Accuracy(layer_0 - estimator_0 - 5_folds.train_cv.predict)=95.79%
Accuracy(layer_0 - estimator_1 - 5_folds.train_0.predict)=94.94%
Accuracy(layer_0 - estimator_1 - 5_folds.train_1.predict)=94.94%
Accuracy(layer_0 - estimator_1 - 5_folds.train_2.predict)=95.51%
Accuracy(layer_0 - estimator_1 - 5_folds.train_3.predict)=94.87%
Accuracy(layer_0 - estimator_1 - 5_folds.train_4.predict)=94.23%
Accuracy(layer_0 - estimator_1 - 5_folds.train_cv.predict)=94.90%
Accuracy(layer_0 - estimator_2 - 5_folds.train_0.predict)=96.20%
Accuracy(layer_0 - estimator_2 - 5_folds.train_1.predict)=94.94%
Accuracy(layer_0 - estimator_2 - 5_folds.train_2.predict)=94.23%
Accuracy(layer_0 - estimator_2 - 5_folds.train_3.predict)=92.31%
Accuracy(layer_0 - estimator_2 - 5_folds.train_4.predict)=98.72%
Accuracy(layer_0 - estimator_2 - 5_folds.train_cv.predict)=95.28%
Accuracy(layer_0 - estimator_3 - 5_folds.train_0.predict)=96.20%
Accuracy(layer_0 - estimator_3 - 5_folds.train_1.predict)=98.73%
Accuracy(layer_0 - estimator_3 - 5_folds.train_2.predict)=96.15%
Accuracy(layer_0 - estimator_3 - 5_folds.train_3.predict)=92.95%
Accuracy(layer_0 - estimator_3 - 5_folds.train_4.predict)=91.03%
Accuracy(layer_0 - estimator_3 - 5_folds.train_cv.predict)=95.03%
Accuracy(layer_0 - estimator_4 - 5_folds.train_0.predict)=97.47%
Accuracy(layer_0 - estimator_4 - 5_folds.train_1.predict)=94.94%
Accuracy(layer_0 - estimator_4 - 5_folds.train_2.predict)=96.79%
Accuracy(layer_0 - estimator_4 - 5_folds.train_3.predict)=94.87%
Accuracy(layer_0 - estimator_4 - 5_folds.train_4.predict)=94.23%
Accuracy(layer_0 - estimator_4 - 5_folds.train_cv.predict)=95.66%
Accuracy(layer_0 - train.classifier_average)=96.17%
[layer=1] look_indexs=[0], X_cur_train.shape=(784, 23), X_cur_test.shape=(0, 23)
Accuracy(layer_1 - estimator_0 - 5_folds.train_0.predict)=96.20%
Accuracy(layer_1 - estimator_0 - 5_folds.train_1.predict)=96.20%
Accuracy(layer_1 - estimator_0 - 5_folds.train_2.predict)=91.67%
Accuracy(layer_1 - estimator_0 - 5_folds.train_3.predict)=96.79%
Accuracy(layer_1 - estimator_0 - 5_folds.train_4.predict)=94.87%
Accuracy(layer_1 - estimator_0 - 5_folds.train_cv.predict)=95.15%
Accuracy(layer_1 - estimator_1 - 5_folds.train_0.predict)=94.94%
Accuracy(layer_1 - estimator_1 - 5_folds.train_1.predict)=93.04%
Accuracy(layer_1 - estimator_1 - 5_folds.train_2.predict)=95.51%
Accuracy(layer_1 - estimator_1 - 5_folds.train_3.predict)=97.44%
Accuracy(layer_1 - estimator_1 - 5_folds.train_4.predict)=95.51%
Accuracy(layer_1 - estimator_1 - 5_folds.train_cv.predict)=95.28%
Accuracy(layer_1 - estimator_2 - 5_folds.train_0.predict)=96.84%
Accuracy(layer_1 - estimator_2 - 5_folds.train_1.predict)=92.41%
Accuracy(layer_1 - estimator_2 - 5_folds.train_2.predict)=95.51%
Accuracy(layer_1 - estimator_2 - 5_folds.train_3.predict)=95.51%
Accuracy(layer_1 - estimator_2 - 5_folds.train_4.predict)=95.51%
Accuracy(layer_1 - estimator_2 - 5_folds.train_cv.predict)=95.15%
Accuracy(layer_1 - estimator_3 - 5_folds.train_0.predict)=95.57%
Accuracy(layer_1 - estimator_3 - 5_folds.train_1.predict)=95.57%
Accuracy(layer_1 - estimator_3 - 5_folds.train_2.predict)=93.59%
Accuracy(layer_1 - estimator_3 - 5_folds.train_3.predict)=95.51%
Accuracy(layer_1 - estimator_3 - 5_folds.train_4.predict)=96.15%
Accuracy(layer_1 - estimator_3 - 5_folds.train_cv.predict)=95.28%
Accuracy(layer_1 - estimator_4 - 5_folds.train_0.predict)=96.84%
Accuracy(layer_1 - estimator_4 - 5_folds.train_1.predict)=94.94%
Accuracy(layer_1 - estimator_4 - 5_folds.train_2.predict)=96.15%
Accuracy(layer_1 - estimator_4 - 5_folds.train_3.predict)=95.51%
Accuracy(layer_1 - estimator_4 - 5_folds.train_4.predict)=94.23%
Accuracy(layer_1 - estimator_4 - 5_folds.train_cv.predict)=95.54%
Accuracy(layer_1 - train.classifier_average)=95.41%
[layer=2] look_indexs=[0], X_cur_train.shape=(784, 23), X_cur_test.shape=(0, 23)
Accuracy(layer_2 - estimator_0 - 5_folds.train_0.predict)=96.20%
Accuracy(layer_2 - estimator_0 - 5_folds.train_1.predict)=94.94%
Accuracy(layer_2 - estimator_0 - 5_folds.train_2.predict)=97.44%
Accuracy(layer_2 - estimator_0 - 5_folds.train_3.predict)=96.79%
Accuracy(layer_2 - estimator_0 - 5_folds.train_4.predict)=96.15%
Accuracy(layer_2 - estimator_0 - 5_folds.train_cv.predict)=96.30%
Accuracy(layer_2 - estimator_1 - 5_folds.train_0.predict)=94.94%
Accuracy(layer_2 - estimator_1 - 5_folds.train_1.predict)=95.57%
Accuracy(layer_2 - estimator_1 - 5_folds.train_2.predict)=96.79%
Accuracy(layer_2 - estimator_1 - 5_folds.train_3.predict)=94.87%
Accuracy(layer_2 - estimator_1 - 5_folds.train_4.predict)=95.51%
Accuracy(layer_2 - estimator_1 - 5_folds.train_cv.predict)=95.54%
Accuracy(layer_2 - estimator_2 - 5_folds.train_0.predict)=92.41%
Accuracy(layer_2 - estimator_2 - 5_folds.train_1.predict)=93.67%
Accuracy(layer_2 - estimator_2 - 5_folds.train_2.predict)=99.36%
Accuracy(layer_2 - estimator_2 - 5_folds.train_3.predict)=97.44%
Accuracy(layer_2 - estimator_2 - 5_folds.train_4.predict)=94.23%
Accuracy(layer_2 - estimator_2 - 5_folds.train_cv.predict)=95.41%
Accuracy(layer_2 - estimator_3 - 5_folds.train_0.predict)=91.14%
Accuracy(layer_2 - estimator_3 - 5_folds.train_1.predict)=95.57%
Accuracy(layer_2 - estimator_3 - 5_folds.train_2.predict)=97.44%
Accuracy(layer_2 - estimator_3 - 5_folds.train_3.predict)=96.15%
Accuracy(layer_2 - estimator_3 - 5_folds.train_4.predict)=94.23%
Accuracy(layer_2 - estimator_3 - 5_folds.train_cv.predict)=94.90%
Accuracy(layer_2 - estimator_4 - 5_folds.train_0.predict)=95.57%
Accuracy(layer_2 - estimator_4 - 5_folds.train_1.predict)=94.94%
Accuracy(layer_2 - estimator_4 - 5_folds.train_2.predict)=96.79%
Accuracy(layer_2 - estimator_4 - 5_folds.train_3.predict)=94.23%
Accuracy(layer_2 - estimator_4 - 5_folds.train_4.predict)=94.87%
Accuracy(layer_2 - estimator_4 - 5_folds.train_cv.predict)=95.28%
Accuracy(layer_2 - train.classifier_average)=95.54%
[layer=3] look_indexs=[0], X_cur_train.shape=(784, 23), X_cur_test.shape=(0, 23)
Accuracy(layer_3 - estimator_0 - 5_folds.train_0.predict)=93.04%
Accuracy(layer_3 - estimator_0 - 5_folds.train_1.predict)=98.10%
Accuracy(layer_3 - estimator_0 - 5_folds.train_2.predict)=94.87%
Accuracy(layer_3 - estimator_0 - 5_folds.train_3.predict)=94.87%
Accuracy(layer_3 - estimator_0 - 5_folds.train_4.predict)=95.51%
Accuracy(layer_3 - estimator_0 - 5_folds.train_cv.predict)=95.28%
Accuracy(layer_3 - estimator_1 - 5_folds.train_0.predict)=96.84%
Accuracy(layer_3 - estimator_1 - 5_folds.train_1.predict)=94.94%
Accuracy(layer_3 - estimator_1 - 5_folds.train_2.predict)=97.44%
Accuracy(layer_3 - estimator_1 - 5_folds.train_3.predict)=94.87%
Accuracy(layer_3 - estimator_1 - 5_folds.train_4.predict)=94.23%
Accuracy(layer_3 - estimator_1 - 5_folds.train_cv.predict)=95.66%
Accuracy(layer_3 - estimator_2 - 5_folds.train_0.predict)=94.30%
Accuracy(layer_3 - estimator_2 - 5_folds.train_1.predict)=93.04%
Accuracy(layer_3 - estimator_2 - 5_folds.train_2.predict)=95.51%
Accuracy(layer_3 - estimator_2 - 5_folds.train_3.predict)=97.44%
Accuracy(layer_3 - estimator_2 - 5_folds.train_4.predict)=98.72%
Accuracy(layer_3 - estimator_2 - 5_folds.train_cv.predict)=95.79%
Accuracy(layer_3 - estimator_3 - 5_folds.train_0.predict)=94.30%
Accuracy(layer_3 - estimator_3 - 5_folds.train_1.predict)=97.47%
Accuracy(layer_3 - estimator_3 - 5_folds.train_2.predict)=93.59%
Accuracy(layer_3 - estimator_3 - 5_folds.train_3.predict)=93.59%
Accuracy(layer_3 - estimator_3 - 5_folds.train_4.predict)=97.44%
Accuracy(layer_3 - estimator_3 - 5_folds.train_cv.predict)=95.28%
Accuracy(layer_3 - estimator_4 - 5_folds.train_0.predict)=93.04%
Accuracy(layer_3 - estimator_4 - 5_folds.train_1.predict)=98.10%
Accuracy(layer_3 - estimator_4 - 5_folds.train_2.predict)=93.59%
Accuracy(layer_3 - estimator_4 - 5_folds.train_3.predict)=95.51%
Accuracy(layer_3 - estimator_4 - 5_folds.train_4.predict)=96.15%
Accuracy(layer_3 - estimator_4 - 5_folds.train_cv.predict)=95.28%
Accuracy(layer_3 - train.classifier_average)=95.54%
[Result][Optimal Level Detected] opt_layer_num=1, accuracy_train=96.17%
X_groups_test.shape=[(200, 13)]
group_dims=[13]
X_test.shape=(200, 13)
[layer=0] X_cur_test.shape=(200, 13)
