X_groups_train.shape=[(800, 13)],y_train.shape=(800,),X_groups_test.shape=no_test,y_test.shape=no_test
group_dims=[13]
group_starts=[0]
group_ends=[13]
X_train.shape=(800, 13),X_test.shape=(0, 13)
[layer=0] look_indexs=[0], X_cur_train.shape=(800, 13), X_cur_test.shape=(0, 13)
Accuracy(layer_0 - estimator_0 - 5_folds.train_0.predict)=91.93%
Accuracy(layer_0 - estimator_0 - 5_folds.train_1.predict)=95.65%
Accuracy(layer_0 - estimator_0 - 5_folds.train_2.predict)=96.88%
Accuracy(layer_0 - estimator_0 - 5_folds.train_3.predict)=96.23%
Accuracy(layer_0 - estimator_0 - 5_folds.train_4.predict)=94.97%
Accuracy(layer_0 - estimator_0 - 5_folds.train_cv.predict)=95.12%
Accuracy(layer_0 - estimator_1 - 5_folds.train_0.predict)=94.41%
Accuracy(layer_0 - estimator_1 - 5_folds.train_1.predict)=91.93%
Accuracy(layer_0 - estimator_1 - 5_folds.train_2.predict)=94.38%
Accuracy(layer_0 - estimator_1 - 5_folds.train_3.predict)=95.60%
Accuracy(layer_0 - estimator_1 - 5_folds.train_4.predict)=93.71%
Accuracy(layer_0 - estimator_1 - 5_folds.train_cv.predict)=94.00%
Accuracy(layer_0 - estimator_2 - 5_folds.train_0.predict)=93.17%
Accuracy(layer_0 - estimator_2 - 5_folds.train_1.predict)=97.52%
Accuracy(layer_0 - estimator_2 - 5_folds.train_2.predict)=96.25%
Accuracy(layer_0 - estimator_2 - 5_folds.train_3.predict)=94.97%
Accuracy(layer_0 - estimator_2 - 5_folds.train_4.predict)=93.71%
Accuracy(layer_0 - estimator_2 - 5_folds.train_cv.predict)=95.12%
Accuracy(layer_0 - estimator_3 - 5_folds.train_0.predict)=97.52%
Accuracy(layer_0 - estimator_3 - 5_folds.train_1.predict)=92.55%
Accuracy(layer_0 - estimator_3 - 5_folds.train_2.predict)=96.25%
Accuracy(layer_0 - estimator_3 - 5_folds.train_3.predict)=91.82%
Accuracy(layer_0 - estimator_3 - 5_folds.train_4.predict)=93.71%
Accuracy(layer_0 - estimator_3 - 5_folds.train_cv.predict)=94.38%
Accuracy(layer_0 - estimator_4 - 5_folds.train_0.predict)=95.03%
Accuracy(layer_0 - estimator_4 - 5_folds.train_1.predict)=93.17%
Accuracy(layer_0 - estimator_4 - 5_folds.train_2.predict)=95.62%
Accuracy(layer_0 - estimator_4 - 5_folds.train_3.predict)=96.23%
Accuracy(layer_0 - estimator_4 - 5_folds.train_4.predict)=95.60%
Accuracy(layer_0 - estimator_4 - 5_folds.train_cv.predict)=95.12%
Accuracy(layer_0 - train.classifier_average)=96.12%
[layer=1] look_indexs=[0], X_cur_train.shape=(800, 23), X_cur_test.shape=(0, 23)
Accuracy(layer_1 - estimator_0 - 5_folds.train_0.predict)=95.03%
Accuracy(layer_1 - estimator_0 - 5_folds.train_1.predict)=95.03%
Accuracy(layer_1 - estimator_0 - 5_folds.train_2.predict)=96.88%
Accuracy(layer_1 - estimator_0 - 5_folds.train_3.predict)=96.86%
Accuracy(layer_1 - estimator_0 - 5_folds.train_4.predict)=93.71%
Accuracy(layer_1 - estimator_0 - 5_folds.train_cv.predict)=95.50%
Accuracy(layer_1 - estimator_1 - 5_folds.train_0.predict)=96.27%
Accuracy(layer_1 - estimator_1 - 5_folds.train_1.predict)=95.03%
Accuracy(layer_1 - estimator_1 - 5_folds.train_2.predict)=94.38%
Accuracy(layer_1 - estimator_1 - 5_folds.train_3.predict)=96.23%
Accuracy(layer_1 - estimator_1 - 5_folds.train_4.predict)=93.08%
Accuracy(layer_1 - estimator_1 - 5_folds.train_cv.predict)=95.00%
Accuracy(layer_1 - estimator_2 - 5_folds.train_0.predict)=97.52%
Accuracy(layer_1 - estimator_2 - 5_folds.train_1.predict)=93.79%
Accuracy(layer_1 - estimator_2 - 5_folds.train_2.predict)=95.62%
Accuracy(layer_1 - estimator_2 - 5_folds.train_3.predict)=94.34%
Accuracy(layer_1 - estimator_2 - 5_folds.train_4.predict)=96.23%
Accuracy(layer_1 - estimator_2 - 5_folds.train_cv.predict)=95.50%
Accuracy(layer_1 - estimator_3 - 5_folds.train_0.predict)=95.03%
Accuracy(layer_1 - estimator_3 - 5_folds.train_1.predict)=95.03%
Accuracy(layer_1 - estimator_3 - 5_folds.train_2.predict)=96.88%
Accuracy(layer_1 - estimator_3 - 5_folds.train_3.predict)=92.45%
Accuracy(layer_1 - estimator_3 - 5_folds.train_4.predict)=96.86%
Accuracy(layer_1 - estimator_3 - 5_folds.train_cv.predict)=95.25%
Accuracy(layer_1 - estimator_4 - 5_folds.train_0.predict)=92.55%
Accuracy(layer_1 - estimator_4 - 5_folds.train_1.predict)=95.03%
Accuracy(layer_1 - estimator_4 - 5_folds.train_2.predict)=95.62%
Accuracy(layer_1 - estimator_4 - 5_folds.train_3.predict)=96.23%
Accuracy(layer_1 - estimator_4 - 5_folds.train_4.predict)=92.45%
Accuracy(layer_1 - estimator_4 - 5_folds.train_cv.predict)=94.38%
Accuracy(layer_1 - train.classifier_average)=95.25%
[layer=2] look_indexs=[0], X_cur_train.shape=(800, 23), X_cur_test.shape=(0, 23)
Accuracy(layer_2 - estimator_0 - 5_folds.train_0.predict)=93.79%
Accuracy(layer_2 - estimator_0 - 5_folds.train_1.predict)=95.03%
Accuracy(layer_2 - estimator_0 - 5_folds.train_2.predict)=93.75%
Accuracy(layer_2 - estimator_0 - 5_folds.train_3.predict)=97.48%
